16:10:53.425092 execve("./hello", ["./hello"], 0x7fffcb75f150 /* 55 vars */) = 0 <0.000486>
16:10:53.425811 brk(NULL)               = 0x55ae777ec000 <0.000014>
16:10:53.425982 mmap(NULL, 8192, PROT_READ|PROT_WRITE, MAP_PRIVATE|MAP_ANONYMOUS, -1, 0) = 0x7fe179907000 <0.000024>
16:10:53.426048 access("/etc/ld.so.preload", R_OK) = -1 ENOENT (No such file or directory) <0.000022>
16:10:53.426218 openat(AT_FDCWD, "/etc/ld.so.cache", O_RDONLY|O_CLOEXEC) = 3 <0.000021>
16:10:53.426284 newfstatat(3, "", {st_mode=S_IFREG|0644, st_size=88514, ...}, AT_EMPTY_PATH) = 0 <0.000018>
16:10:53.426387 mmap(NULL, 88514, PROT_READ, MAP_PRIVATE, 3, 0) = 0x7fe1798f1000 <0.000026>
16:10:53.426453 close(3)                = 0 <0.000028>
16:10:53.426533 openat(AT_FDCWD, "/lib/x86_64-linux-gnu/libc.so.6", O_RDONLY|O_CLOEXEC) = 3 <0.000018>
16:10:53.426587 read(3, "\177ELF\2\1\1\3\0\0\0\0\0\0\0\0\3\0>\0\1\0\0\0Ps\2\0\0\0\0\0"..., 832) = 832 <0.000016>
16:10:53.426641 pread64(3, "\6\0\0\0\4\0\0\0@\0\0\0\0\0\0\0@\0\0\0\0\0\0\0@\0\0\0\0\0\0\0"..., 784, 64) = 784 <0.000015>
16:10:53.426691 newfstatat(3, "", {st_mode=S_IFREG|0755, st_size=1922136, ...}, AT_EMPTY_PATH) = 0 <0.000015>
16:10:53.426745 pread64(3, "\6\0\0\0\4\0\0\0@\0\0\0\0\0\0\0@\0\0\0\0\0\0\0@\0\0\0\0\0\0\0"..., 784, 64) = 784 <0.000015>
16:10:53.426794 mmap(NULL, 1970000, PROT_READ, MAP_PRIVATE|MAP_DENYWRITE, 3, 0) = 0x7fe179710000 <0.000025>
16:10:53.426850 mmap(0x7fe179736000, 1396736, PROT_READ|PROT_EXEC, MAP_PRIVATE|MAP_FIXED|MAP_DENYWRITE, 3, 0x26000) = 0x7fe179736000 <0.000037>
16:10:53.426919 mmap(0x7fe17988b000, 339968, PROT_READ, MAP_PRIVATE|MAP_FIXED|MAP_DENYWRITE, 3, 0x17b000) = 0x7fe17988b000 <0.000029>
16:10:53.426980 mmap(0x7fe1798de000, 24576, PROT_READ|PROT_WRITE, MAP_PRIVATE|MAP_FIXED|MAP_DENYWRITE, 3, 0x1ce000) = 0x7fe1798de000 <0.000033>
16:10:53.427050 mmap(0x7fe1798e4000, 53072, PROT_READ|PROT_WRITE, MAP_PRIVATE|MAP_FIXED|MAP_ANONYMOUS, -1, 0) = 0x7fe1798e4000 <0.000021>
16:10:53.427119 close(3)                = 0 <0.000014>
16:10:53.427178 mmap(NULL, 12288, PROT_READ|PROT_WRITE, MAP_PRIVATE|MAP_ANONYMOUS, -1, 0) = 0x7fe17970d000 <0.000018>
16:10:53.427234 arch_prctl(ARCH_SET_FS, 0x7fe17970d740) = 0 <0.000014>
16:10:53.427279 set_tid_address(0x7fe17970da10) = 3900519 <0.000014>
16:10:53.427322 set_robust_list(0x7fe17970da20, 24) = 0 <0.000013>
16:10:53.427366 rseq(0x7fe17970e060, 0x20, 0, 0x53053053) = 0 <0.000014>
16:10:53.427495 mprotect(0x7fe1798de000, 16384, PROT_READ) = 0 <0.000028>
16:10:53.427558 mprotect(0x55ae76297000, 4096, PROT_READ) = 0 <0.000020>
16:10:53.427617 mprotect(0x7fe179939000, 8192, PROT_READ) = 0 <0.000023>
16:10:53.427693 prlimit64(0, RLIMIT_STACK, NULL, {rlim_cur=8192*1024, rlim_max=RLIM64_INFINITY}) = 0 <0.000014>
16:10:53.427776 munmap(0x7fe1798f1000, 88514) = 0 <0.000037>
16:10:53.427881 newfstatat(1, "", {st_mode=S_IFCHR|0600, st_rdev=makedev(0x88, 0x1), ...}, AT_EMPTY_PATH) = 0 <0.000016>
16:10:53.427945 getrandom("\x3d\x50\x7f\xda\xc7\x2b\x6a\x60", 8, GRND_NONBLOCK) = 8 <0.000015>
16:10:53.427997 brk(NULL)               = 0x55ae777ec000 <0.000013>
16:10:53.428040 brk(0x55ae7780d000)     = 0x55ae7780d000 <0.000017>
16:10:53.428108 write(1, "hello world", 11) = 11 <0.000026>
16:10:53.428180 exit_group(0)           = ?
16:10:53.428340 +++ exited with 0 +++
