execve("./hello", ["./hello"], 0x7ffc04ac1b60 /* 55 vars */) = 0
brk(NULL)                               = 0x56154b9cb000
mmap(NULL, 8192, PROT_READ|PROT_WRITE, MAP_PRIVATE|MAP_ANONYMOUS, -1, 0) = 0x7fa4d9510000
access("/etc/ld.so.preload", R_OK)      = -1 ENOENT (No such file or directory)
openat(AT_FDCWD, "/etc/ld.so.cache", O_RDONLY|O_CLOEXEC) = 3
newfstatat(3, "", {st_mode=S_IFREG|0644, st_size=88514, ...}, AT_EMPTY_PATH) = 0
mmap(NULL, 88514, PROT_READ, MAP_PRIVATE, 3, 0) = 0x7fa4d94fa000
close(3)                                = 0
openat(AT_FDCWD, "/lib/x86_64-linux-gnu/libc.so.6", O_RDONLY|O_CLOEXEC) = 3
read(3, "\177ELF\2\1\1\3\0\0\0\0\0\0\0\0\3\0>\0\1\0\0\0Ps\2\0\0\0\0\0"..., 832) = 832
pread64(3, "\6\0\0\0\4\0\0\0@\0\0\0\0\0\0\0@\0\0\0\0\0\0\0@\0\0\0\0\0\0\0"..., 784, 64) = 784
newfstatat(3, "", {st_mode=S_IFREG|0755, st_size=1922136, ...}, AT_EMPTY_PATH) = 0
pread64(3, "\6\0\0\0\4\0\0\0@\0\0\0\0\0\0\0@\0\0\0\0\0\0\0@\0\0\0\0\0\0\0"..., 784, 64) = 784
mmap(NULL, 1970000, PROT_READ, MAP_PRIVATE|MAP_DENYWRITE, 3, 0) = 0x7fa4d9319000
mmap(0x7fa4d933f000, 1396736, PROT_READ|PROT_EXEC, MAP_PRIVATE|MAP_FIXED|MAP_DENYWRITE, 3, 0x26000) = 0x7fa4d933f000
mmap(0x7fa4d9494000, 339968, PROT_READ, MAP_PRIVATE|MAP_FIXED|MAP_DENYWRITE, 3, 0x17b000) = 0x7fa4d9494000
mmap(0x7fa4d94e7000, 24576, PROT_READ|PROT_WRITE, MAP_PRIVATE|MAP_FIXED|MAP_DENYWRITE, 3, 0x1ce000) = 0x7fa4d94e7000
mmap(0x7fa4d94ed000, 53072, PROT_READ|PROT_WRITE, MAP_PRIVATE|MAP_FIXED|MAP_ANONYMOUS, -1, 0) = 0x7fa4d94ed000
close(3)                                = 0
mmap(NULL, 12288, PROT_READ|PROT_WRITE, MAP_PRIVATE|MAP_ANONYMOUS, -1, 0) = 0x7fa4d9316000
arch_prctl(ARCH_SET_FS, 0x7fa4d9316740) = 0
set_tid_address(0x7fa4d9316a10)         = 3892263
set_robust_list(0x7fa4d9316a20, 24)     = 0
rseq(0x7fa4d9317060, 0x20, 0, 0x53053053) = 0
mprotect(0x7fa4d94e7000, 16384, PROT_READ) = 0
mprotect(0x56154a10d000, 4096, PROT_READ) = 0
mprotect(0x7fa4d9542000, 8192, PROT_READ) = 0
prlimit64(0, RLIMIT_STACK, NULL, {rlim_cur=8192*1024, rlim_max=RLIM64_INFINITY}) = 0
munmap(0x7fa4d94fa000, 88514)           = 0
newfstatat(1, "", {st_mode=S_IFCHR|0600, st_rdev=makedev(0x88, 0x1), ...}, AT_EMPTY_PATH) = 0
getrandom("\x72\x9c\xbd\x46\x73\x65\x0a\x5c", 8, GRND_NONBLOCK) = 8
brk(NULL)                               = 0x56154b9cb000
brk(0x56154b9ec000)                     = 0x56154b9ec000
write(1, "hello world", 11)             = 11
exit_group(0)                           = ?
+++ exited with 0 +++
